<?xml version="1.0" encoding="utf-8"?>
<coverage generated="1481479032" clover="0.35" >
    <project timestamp="1481479032" name="Devel::Cover::Report::Clover">
        <metrics packages="1" elements="13" coveredelements="9" statements="8" coveredstatements="6" complexity="0" files="1" loc="43" ncloc="18" classes="1" conditionals="2" coveredconditionals="1" methods="3" coveredmethods="2"/>
        <package name="Sample">
            <metrics elements="13" coveredelements="9" statements="8" coveredstatements="6" complexity="0" files="1" loc="43" ncloc="18" classes="1" conditionals="2" coveredconditionals="1" methods="3" coveredmethods="2"/>
            <file path="lib/Sample/Project.pm" name="lib/Sample/Project.pm">
                <metrics elements="13" coveredelements="9" statements="8" coveredstatements="6" complexity="0" loc="43" ncloc="18" classes="1" conditionals="2" coveredconditionals="1" methods="3" coveredmethods="2"/>
                <class name="Project">
                    <metrics elements="13" coveredelements="9" statements="8" coveredstatements="6" complexity="0" loc="43" ncloc="18" conditionals="2" coveredconditionals="1" methods="3" coveredmethods="2"/>
                </class>
                <line num="6" count="1" type="stmt" />
                <line num="6" count="1" type="method" />
                <line num="7" count="1" type="stmt" />
                <line num="8" count="1" type="stmt" />
                <line num="9" count="1" type="stmt" />
                <line num="14" count="1" type="stmt" />
                <line num="14" truecount="1" falsecount="0" type="cond" />
                <line num="14" count="1" type="method" />
                <line num="15" count="0" type="stmt" />
                <line num="17" count="1" type="stmt" />
                <line num="22" count="0" type="stmt" />
                <line num="22" count="0" type="method" />
            </file>
        </package>
    </project>
</coverage>

